<?xml version="1.0" encoding="UTF-8"?>
<testng-results ignored="0" total="1" passed="1" failed="0" skipped="0">
  <reporter-output>
  </reporter-output>
  <suite started-at="2020-04-20T16:40:46Z" name="Default suite" finished-at="2020-04-20T16:40:59Z" duration-ms="13115">
    <groups>
    </groups>
    <test started-at="2020-04-20T16:40:46Z" name="Default test" finished-at="2020-04-20T16:40:59Z" duration-ms="13115">
      <class name="SalesforceTest">
        <test-method is-config="true" signature="setupTest()[pri:0, instance:SalesforceTest@60bd273d]" started-at="2020-04-20T16:40:46Z" name="setupTest" finished-at="2020-04-20T16:40:50Z" duration-ms="3782" status="PASS">
          <reporter-output>
          </reporter-output>
        </test-method> <!-- setupTest -->
        <test-method signature="goToSalesforceOrg()[pri:0, instance:SalesforceTest@60bd273d]" started-at="2020-04-20T16:40:50Z" name="goToSalesforceOrg" finished-at="2020-04-20T16:40:58Z" duration-ms="7904" status="PASS">
          <reporter-output>
          </reporter-output>
        </test-method> <!-- goToSalesforceOrg -->
        <test-method is-config="true" signature="tearDownTest()[pri:0, instance:SalesforceTest@60bd273d]" started-at="2020-04-20T16:40:58Z" name="tearDownTest" finished-at="2020-04-20T16:40:59Z" duration-ms="1388" status="PASS">
          <reporter-output>
          </reporter-output>
        </test-method> <!-- tearDownTest -->
      </class> <!-- SalesforceTest -->
    </test> <!-- Default test -->
  </suite> <!-- Default suite -->
</testng-results>
