<?xml version="1.0" encoding="UTF-8"?>
<testng-results ignored="0" total="1" passed="1" failed="0" skipped="0">
  <reporter-output>
  </reporter-output>
  <suite started-at="2020-04-21T03:15:10Z" name="SalesforceTest" finished-at="2020-04-21T03:15:30Z" duration-ms="19504">
    <groups>
    </groups>
    <test started-at="2020-04-21T03:15:10Z" name="Command line test" finished-at="2020-04-21T03:15:30Z" duration-ms="19504">
      <class name="SalesforceTest">
        <test-method is-config="true" signature="setupTest()[pri:0, instance:SalesforceTest@3043fe0e]" started-at="2020-04-21T03:15:10Z" name="setupTest" finished-at="2020-04-21T03:15:17Z" duration-ms="6454" status="PASS">
          <reporter-output>
          </reporter-output>
        </test-method> <!-- setupTest -->
        <test-method signature="goToSalesforceOrg()[pri:0, instance:SalesforceTest@3043fe0e]" started-at="2020-04-21T03:15:17Z" name="goToSalesforceOrg" finished-at="2020-04-21T03:15:28Z" duration-ms="11089" status="PASS">
          <reporter-output>
          </reporter-output>
        </test-method> <!-- goToSalesforceOrg -->
        <test-method is-config="true" signature="tearDownTest()[pri:0, instance:SalesforceTest@3043fe0e]" started-at="2020-04-21T03:15:28Z" name="tearDownTest" finished-at="2020-04-21T03:15:30Z" duration-ms="1920" status="PASS">
          <reporter-output>
          </reporter-output>
        </test-method> <!-- tearDownTest -->
      </class> <!-- SalesforceTest -->
    </test> <!-- Command line test -->
  </suite> <!-- SalesforceTest -->
</testng-results>
